Battle data 2021-11-14T00:03:50.474Z
Turn #0
 - RaidPokemon Quilladin pokemon=Quilladin, action=ATTACK, attack=AttackBase{attackIndex=10007, attackName='Max Strike'}, results=[MoveResults{damage=0, fullDamage=0, accuracy=0, priority=4.0, result=succeeded, weightMod=0.0}]
 - RaidPokemon Quilladin pokemon=Quilladin, action=ATTACK, attack=AttackBase{attackIndex=4, attackName='Leech Seed'}, results=[MoveResults{damage=0, fullDamage=0, accuracy=0, priority=4.0, result=proceed, weightMod=0.0}]
 - RaidPokemon Quilladin pokemon=Quilladin, action=ATTACK, attack=AttackBase{attackIndex=4, attackName='Leech Seed'}, results=[MoveResults{damage=0, fullDamage=0, accuracy=0, priority=4.0, result=proceed, weightMod=0.0}]
 - RaidPokemon Quilladin pokemon=Quilladin, action=ATTACK, attack=AttackBase{attackIndex=4, attackName='Leech Seed'}, results=[MoveResults{damage=0, fullDamage=0, accuracy=0, priority=4.0, result=proceed, weightMod=0.0}]
 - Trainer Amelia pokemon=Clefairy, action=ATTACK, attack=AttackBase{attackIndex=333, attackName='Follow Me'}, results=[MoveResults{damage=0, fullDamage=0, accuracy=0, priority=2.0, result=succeeded, weightMod=0.0}]
 - Player nobeet55 pokemon=Garchomp, action=ATTACK, attack=AttackBase{attackIndex=58, attackName='Earthquake'}, results=[MoveResults{damage=0, fullDamage=0, accuracy=0, priority=0.0, result=killed, weightMod=0.0}, MoveResults{damage=0, fullDamage=0, accuracy=0, priority=0.0, result=hit, weightMod=0.0}]
 - Trainer Ivy pokemon=Weavile, action=ATTACK, attack=AttackBase{attackIndex=50, attackName='Slash'}, results=[MoveResults{damage=0, fullDamage=0, accuracy=0, priority=0.0, result=hit, weightMod=0.0}]
Turn #1
 - RaidPokemon Quilladin pokemon=Quilladin, action=ATTACK, attack=AttackBase{attackIndex=4, attackName='Leech Seed'}, results=[MoveResults{damage=0, fullDamage=0, accuracy=0, priority=4.0, result=proceed, weightMod=0.0}]
 - RaidPokemon Quilladin pokemon=Quilladin, action=ATTACK, attack=AttackBase{attackIndex=4, attackName='Leech Seed'}, results=[MoveResults{damage=0, fullDamage=0, accuracy=0, priority=4.0, result=proceed, weightMod=0.0}]
 - RaidPokemon Quilladin pokemon=Quilladin, action=ATTACK, attack=AttackBase{attackIndex=10013, attackName='Max Overgrowth'}, results=[MoveResults{damage=0, fullDamage=0, accuracy=0, priority=4.0, result=hit, weightMod=0.0}]
 - Player nobeet55 pokemon=Garchomp, action=ATTACK, attack=AttackBase{attackIndex=58, attackName='Earthquake'}, results=[MoveResults{damage=0, fullDamage=0, accuracy=0, priority=0.0, result=hit, weightMod=0.0}, MoveResults{damage=0, fullDamage=0, accuracy=0, priority=0.0, result=hit, weightMod=0.0}]
 - Trainer Ivy pokemon=Weavile, action=ATTACK, attack=AttackBase{attackIndex=50, attackName='Slash'}, results=[MoveResults{damage=0, fullDamage=0, accuracy=0, priority=0.0, result=hit, weightMod=0.0}]
 - Trainer Amelia pokemon=Clefairy, action=ATTACK, attack=AttackBase{attackIndex=569, attackName='Disarming Voice'}, results=[MoveResults{damage=0, fullDamage=0, accuracy=0, priority=0.0, result=hit, weightMod=0.0}]
Error calculating applyRepeatedEffect() for Leech
null
com.pixelmonmod.pixelmon.battles.status.Leech.applyRepeatedEffect(Leech.java:64)
com.pixelmonmod.pixelmon.battles.controller.participants.PixelmonWrapper.turnTick(PixelmonWrapper.java:1007)
com.pixelmonmod.pixelmon.battles.controller.BattleControllerBase.applyRepeatedEffects(BattleControllerBase.java:672)
com.pixelmonmod.pixelmon.battles.controller.BattleControllerBase.update(BattleControllerBase.java:509)
com.pixelmonmod.pixelmon.battles.BattleRegistry.updateBattles(BattleRegistry.java:252)
com.pixelmonmod.pixelmon.battles.BattleTickHandler.tickStart(BattleTickHandler.java:17)
net.minecraftforge.fml.common.eventhandler.ASMEventHandler_55_BattleTickHandler_tickStart_WorldTickEvent.invoke(.dynamic)
net.minecraftforge.fml.common.eventhandler.ASMEventHandler.invoke(ASMEventHandler.java:90)
net.minecraftforge.fml.common.eventhandler.EventBus.post(EventBus.java:182)
net.minecraftforge.fml.common.FMLCommonHandler.onPostWorldTick(FMLCommonHandler.java:274)
net.minecraft.server.MinecraftServer.func_71190_q(MinecraftServer.java:776)
net.minecraft.server.dedicated.DedicatedServer.func_71190_q(DedicatedServer.java:397)
net.minecraft.server.MinecraftServer.func_71217_p(MinecraftServer.java:668)
net.minecraft.server.MinecraftServer.run(MinecraftServer.java:526)
java.lang.Thread.run(Thread.java:748)
