Battle data 2021-11-11T06:46:32.894Z
Turn #0
Caught error in battle. Continuing...
null
com.pixelmonmod.pixelmon.entities.pixelmon.stats.BattleStats.modifyStat(BattleStats.java:246)
com.pixelmonmod.pixelmon.entities.pixelmon.stats.BattleStats.modifyStat(BattleStats.java:223)
com.pixelmonmod.pixelmon.entities.pixelmon.stats.BattleStats.modifyStat(BattleStats.java:207)
com.pixelmonmod.pixelmon.entities.pixelmon.abilities.Intimidate.applySwitchInEffect(Intimidate.java:30)
com.pixelmonmod.pixelmon.battles.controller.participants.PixelmonWrapper.afterSwitch(PixelmonWrapper.java:1214)
com.pixelmonmod.pixelmon.battles.controller.BattleControllerBase.lambda$initBattle$0(BattleControllerBase.java:333)
com.pixelmonmod.pixelmon.battles.controller.BattleControllerBase.onUpdate(BattleControllerBase.java:905)
com.pixelmonmod.pixelmon.battles.controller.BattleControllerBase.update(BattleControllerBase.java:403)
com.pixelmonmod.pixelmon.battles.BattleRegistry.updateBattles(BattleRegistry.java:252)
com.pixelmonmod.pixelmon.battles.BattleTickHandler.tickStart(BattleTickHandler.java:17)
net.minecraftforge.fml.common.eventhandler.ASMEventHandler_55_BattleTickHandler_tickStart_WorldTickEvent.invoke(.dynamic)
net.minecraftforge.fml.common.eventhandler.ASMEventHandler.invoke(ASMEventHandler.java:90)
net.minecraftforge.fml.common.eventhandler.EventBus.post(EventBus.java:182)
net.minecraftforge.fml.common.FMLCommonHandler.onPostWorldTick(FMLCommonHandler.java:274)
net.minecraft.server.MinecraftServer.func_71190_q(MinecraftServer.java:776)
net.minecraft.server.dedicated.DedicatedServer.func_71190_q(DedicatedServer.java:397)
net.minecraft.server.MinecraftServer.func_71217_p(MinecraftServer.java:668)
net.minecraft.server.MinecraftServer.run(MinecraftServer.java:526)
java.lang.Thread.run(Thread.java:748)
